<?xml version="1.0" encoding="UTF-8"?>
<!-- Generated by org.testng.reporters.JUnitReportReporter -->
<testsuite skipped="1" hostname="CDC2-D-CH0NXJ2" name="case_study.Case_1" tests="4" failures="0" timestamp="17 Jul 2019 10:38:48 GMT" time="31.528" errors="0">
  <testcase name="login" time="8.959" classname="case_study.Case_1"/>
  <testcase name="testcart" time="16.105" classname="case_study.Case_1"/>
  <testcase name="testPayment" time="6.464" classname="case_study.Case_1"/>
  <testcase name="register" classname="case_study.Case_1">
    <skipped/>
  </testcase> <!-- register -->
</testsuite> <!-- case_study.Case_1 -->
